<html>
<head>
<title>TestNG:  Cucumber Test Runner 1</title>
<link href="../testng.css" rel="stylesheet" type="text/css" />
<link href="../my-testng.css" rel="stylesheet" type="text/css" />

<style type="text/css">
.log { display: none;} 
.stack-trace { display: none;} 
</style>
<script type="text/javascript">
<!--
function flip(e) {
  current = e.style.display;
  if (current == 'block') {
    e.style.display = 'none';
    return 0;
  }
  else {
    e.style.display = 'block';
    return 1;
  }
}

function toggleBox(szDivId, elem, msg1, msg2)
{
  var res = -1;  if (document.getElementById) {
    res = flip(document.getElementById(szDivId));
  }
  else if (document.all) {
    // this is the way old msie versions work
    res = flip(document.all[szDivId]);
  }
  if(elem) {
    if(res == 0) elem.innerHTML = msg1; else elem.innerHTML = msg2;
  }

}

function toggleAllBoxes() {
  if (document.getElementsByTagName) {
    d = document.getElementsByTagName('div');
    for (i = 0; i < d.length; i++) {
      if (d[i].className == 'log') {
        flip(d[i]);
      }
    }
  }
}

// -->
</script>

</head>
<body>
<h2 align='center'>Cucumber Test Runner 1</h2><table border='1' align="center">
<tr>
<td>Tests passed/Failed/Skipped:</td><td>9/1/0</td>
</tr><tr>
<td>Started on:</td><td>Sun Sep 14 23:54:00 IST 2025</td>
</tr>
<tr><td>Total time:</td><td>153 seconds (153690 ms)</td>
</tr><tr>
<td>Included groups:</td><td></td>
</tr><tr>
<td>Excluded groups:</td><td></td>
</tr>
</table><p/>
<small><i>(Hover the method name to see the test class name)</i></small><p/>
<table width='100%' border='1' class='invocation-failed'>
<tr><td colspan='4' align='center'><b>FAILED TESTS</b></td></tr>
<tr><td><b>Test method</b></td>
<td><b>Attribute(s)</b></td>
<td width="30%"><b>Exception</b></td>
<td width="10%"><b>Time (seconds)</b></td>
<td><b>Instance</b></td>
</tr>
<tr>
<td title='runner.TestRunner1.runScenario()'><b>runScenario</b><br>Test class: runner.TestRunner1<br>Test method: Runs Cucumber Scenarios<br>Parameters: "Verify dates are remembered correclty", "Verification Module"</td>
<td><div><pre>org.openqa.selenium.UnhandledAlertException: unexpected alert open: {Alert text : Dates are INVALID, please check error message.}
  (Session info: chrome=140.0.7339.128): Dates are INVALID, please check error message.
Build info: version: &apos;4.10.0&apos;, revision: &apos;c14d967899&apos;
System info: os.name: &apos;Windows 11&apos;, os.arch: &apos;amd64&apos;, os.version: &apos;10.0&apos;, java.version: &apos;21.0.4&apos;
Driver info: org.openqa.selenium.chrome.ChromeDriver
Command: [f6adfc4b6a5eb9010493938d49479711, findElement {using=xpath, value=//button[@class=&apos;btn green btn-success&apos;]}]
Capabilities {acceptInsecureCerts: false, browserName: chrome, browserVersion: 140.0.7339.128, chrome: {chromedriverVersion: 140.0.7339.82 (bc93617e21c3..., userDataDir: C:\Users\basith ali\AppData...}, fedcm:accounts: true, goog:chromeOptions: {debuggerAddress: localhost:54984}, networkConnectionEnabled: false, pageLoadStrategy: normal, platformName: windows, proxy: Proxy(), se:cdp: ws://localhost:54984/devtoo..., se:cdpVersion: 140.0.7339.128, setWindowRect: true, strictFileInteractability: false, timeouts: {implicit: 0, pageLoad: 300000, script: 30000}, unhandledPromptBehavior: dismiss and notify, webauthn:extension:credBlob: true, webauthn:extension:largeBlob: true, webauthn:extension:minPinLength: true, webauthn:extension:prf: true, webauthn:virtualAuthenticators: true}
Session ID: f6adfc4b6a5eb9010493938d49479711
	at org.openqa.selenium.remote.codec.w3c.W3CHttpResponseCodec.decode(W3CHttpResponseCodec.java:130)
	at org.openqa.selenium.remote.codec.w3c.W3CHttpResponseCodec.decode(W3CHttpResponseCodec.java:51)
	at org.openqa.selenium.remote.HttpCommandExecutor.execute(HttpCommandExecutor.java:191)
	at org.openqa.selenium.remote.service.DriverCommandExecutor.invokeExecute(DriverCommandExecutor.java:196)
	at org.openqa.selenium.remote.service.DriverCommandExecutor.execute(DriverCommandExecutor.java:171)
	at org.openqa.selenium.remote.RemoteWebDriver.execute(RemoteWebDriver.java:531)
	at org.openqa.selenium.remote.ElementLocation$ElementFinder$2.findElement(ElementLocation.java:165)
	at org.openqa.selenium.remote.ElementLocation.findElement(ElementLocation.java:59)
	at org.openqa.selenium.remote.RemoteWebDriver.findElement(RemoteWebDriver.java:350)
	at org.openqa.selenium.remote.RemoteWebDriver.findElement(RemoteWebDriver.java:344)
	at pages.VerificationPage_PL1.clickOkButton(VerificationPage_PL1.java:277)
	at steps.VerificationStep_PL1.click_ok(VerificationStep_PL1.java:82)
	at ✽.Click on OK button(file:///C:/Users/basith%20ali/OneDrive/Desktop/Wipro%20Training/VM-Java-Cucumber-Selenium-HA-Verification--PL1-10TCs-Template-main/src/test/java/features/Verification_PL2.feature:60)
</pre></div><a href='#' onClick='toggleBox("stack-trace856031264", this, "Click to show all stack frames", "Click to hide stack frames")'>Click to show all stack frames</a>
<div class='stack-trace' id='stack-trace856031264'><pre>org.openqa.selenium.UnhandledAlertException: unexpected alert open: {Alert text : Dates are INVALID, please check error message.}
  (Session info: chrome=140.0.7339.128): Dates are INVALID, please check error message.
Build info: version: &apos;4.10.0&apos;, revision: &apos;c14d967899&apos;
System info: os.name: &apos;Windows 11&apos;, os.arch: &apos;amd64&apos;, os.version: &apos;10.0&apos;, java.version: &apos;21.0.4&apos;
Driver info: org.openqa.selenium.chrome.ChromeDriver
Command: [f6adfc4b6a5eb9010493938d49479711, findElement {using=xpath, value=//button[@class=&apos;btn green btn-success&apos;]}]
Capabilities {acceptInsecureCerts: false, browserName: chrome, browserVersion: 140.0.7339.128, chrome: {chromedriverVersion: 140.0.7339.82 (bc93617e21c3..., userDataDir: C:\Users\basith ali\AppData...}, fedcm:accounts: true, goog:chromeOptions: {debuggerAddress: localhost:54984}, networkConnectionEnabled: false, pageLoadStrategy: normal, platformName: windows, proxy: Proxy(), se:cdp: ws://localhost:54984/devtoo..., se:cdpVersion: 140.0.7339.128, setWindowRect: true, strictFileInteractability: false, timeouts: {implicit: 0, pageLoad: 300000, script: 30000}, unhandledPromptBehavior: dismiss and notify, webauthn:extension:credBlob: true, webauthn:extension:largeBlob: true, webauthn:extension:minPinLength: true, webauthn:extension:prf: true, webauthn:virtualAuthenticators: true}
Session ID: f6adfc4b6a5eb9010493938d49479711
	at org.openqa.selenium.remote.codec.w3c.W3CHttpResponseCodec.decode(W3CHttpResponseCodec.java:130)
	at org.openqa.selenium.remote.codec.w3c.W3CHttpResponseCodec.decode(W3CHttpResponseCodec.java:51)
	at org.openqa.selenium.remote.HttpCommandExecutor.execute(HttpCommandExecutor.java:191)
	at org.openqa.selenium.remote.service.DriverCommandExecutor.invokeExecute(DriverCommandExecutor.java:196)
	at org.openqa.selenium.remote.service.DriverCommandExecutor.execute(DriverCommandExecutor.java:171)
	at org.openqa.selenium.remote.RemoteWebDriver.execute(RemoteWebDriver.java:531)
	at org.openqa.selenium.remote.ElementLocation$ElementFinder$2.findElement(ElementLocation.java:165)
	at org.openqa.selenium.remote.ElementLocation.findElement(ElementLocation.java:59)
	at org.openqa.selenium.remote.RemoteWebDriver.findElement(RemoteWebDriver.java:350)
	at org.openqa.selenium.remote.RemoteWebDriver.findElement(RemoteWebDriver.java:344)
	at pages.VerificationPage_PL1.clickOkButton(VerificationPage_PL1.java:277)
	at steps.VerificationStep_PL1.click_ok(VerificationStep_PL1.java:82)
	at ✽.Click on OK button(file:///C:/Users/basith%20ali/OneDrive/Desktop/Wipro%20Training/VM-Java-Cucumber-Selenium-HA-Verification--PL1-10TCs-Template-main/src/test/java/features/Verification_PL2.feature:60)
</pre></div></td>
<td>11</td>
<td>runner.TestRunner1@36b4091c</td></tr>
</table><p>
<table width='100%' border='1' class='invocation-passed'>
<tr><td colspan='4' align='center'><b>PASSED TESTS</b></td></tr>
<tr><td><b>Test method</b></td>
<td><b>Attribute(s)</b></td>
<td width="30%"><b>Exception</b></td>
<td width="10%"><b>Time (seconds)</b></td>
<td><b>Instance</b></td>
</tr>
<tr>
<td title='runner.TestRunner1.runScenario()'><b>runScenario</b><br>Test class: runner.TestRunner1<br>Test method: Runs Cucumber Scenarios<br>Parameters: "Verify all sub-modules are displayed correctly after Clicking on the "verification" Module.", "Verification Module"</td>
<td></td>
<td>11</td>
<td>runner.TestRunner1@36b4091c</td></tr>
<tr>
<td title='runner.TestRunner1.runScenario()'><b>runScenario</b><br>Test class: runner.TestRunner1<br>Test method: Runs Cucumber Scenarios<br>Parameters: "Verify to navigate on another sub module after open the inventory module", "Verification Module"</td>
<td></td>
<td>17</td>
<td>runner.TestRunner1@36b4091c</td></tr>
<tr>
<td title='runner.TestRunner1.runScenario()'><b>runScenario</b><br>Test class: runner.TestRunner1<br>Test method: Runs Cucumber Scenarios<br>Parameters: "Verify to search the data by picking the date filter", "Verification Module"</td>
<td></td>
<td>13</td>
<td>runner.TestRunner1@36b4091c</td></tr>
<tr>
<td title='runner.TestRunner1.runScenario()'><b>runScenario</b><br>Test class: runner.TestRunner1<br>Test method: Runs Cucumber Scenarios<br>Parameters: "Verify the presence of Requisition tab in inventory section with all fields.", "Verification Module"</td>
<td></td>
<td>23</td>
<td>runner.TestRunner1@36b4091c</td></tr>
<tr>
<td title='runner.TestRunner1.runScenario()'><b>runScenario</b><br>Test class: runner.TestRunner1<br>Test method: Runs Cucumber Scenarios<br>Parameters: "Verify the tooltip and its text present on hover the mouse on Star", "Verification Module"</td>
<td></td>
<td>8</td>
<td>runner.TestRunner1@36b4091c</td></tr>
<tr>
<td title='runner.TestRunner1.runScenario()'><b>runScenario</b><br>Test class: runner.TestRunner1<br>Test method: Runs Cucumber Scenarios<br>Parameters: "Verify data range by Select "one week" option from drop down", "Verification Module"</td>
<td></td>
<td>16</td>
<td>runner.TestRunner1@36b4091c</td></tr>
<tr>
<td title='runner.TestRunner1.runScenario()'><b>runScenario</b><br>Test class: runner.TestRunner1<br>Test method: Runs Cucumber Scenarios<br>Parameters: "Verify to navigate on another sub tab after open the Requisition tab", "Verification Module"</td>
<td></td>
<td>21</td>
<td>runner.TestRunner1@36b4091c</td></tr>
<tr>
<td title='runner.TestRunner1.runScenario()'><b>runScenario</b><br>Test class: runner.TestRunner1<br>Test method: Runs Cucumber Scenarios<br>Parameters: "Verify the verfication module is present or not", "Verification Module"</td>
<td></td>
<td>13</td>
<td>runner.TestRunner1@36b4091c</td></tr>
<tr>
<td title='runner.TestRunner1.runScenario()'><b>runScenario</b><br>Test class: runner.TestRunner1<br>Test method: Runs Cucumber Scenarios<br>Parameters: "Verify following radio buttons are selectable:Pending, Approved, Rejected & All", "Verification Module"</td>
<td></td>
<td>11</td>
<td>runner.TestRunner1@36b4091c</td></tr>
</table><p>
</body>
</html>